# JRE version: OpenJDK Runtime Environment (8.0_121-b13) (build 1.8.0_121-b13)
# Java VM: OpenJDK 64-Bit Server VM (25.121-b13 mixed mode linux-amd64 compressed oops)
Heap:
 PSYoungGen      total 157696K, used 5607K [0x00000000eab00000, 0x00000000fb600000, 0x0000000100000000)
  eden space 112128K, 0% used [0x00000000eab00000,0x00000000eab00000,0x00000000f1880000)
  from space 45568K, 12% used [0x00000000f1880000,0x00000000f1df9ca8,0x00000000f4500000)
  to   space 64512K, 0% used [0x00000000f7700000,0x00000000f7700000,0x00000000fb600000)
 ParOldGen       total 86016K, used 85815K [0x00000000c0000000, 0x00000000c5400000, 0x00000000eab00000)
  object space 86016K, 99% used [0x00000000c0000000,0x00000000c53cdfc8,0x00000000c5400000)
 Metaspace       used 6114K, capacity 7152K, committed 7296K, reserved 1056768K
  class space    used 577K, capacity 616K, committed 640K, reserved 1048576K
GC Heap History (10 events):
Event: 1.509 GC heap after
Heap after GC invocations=6 (full 1):
 PSYoungGen      total 66048K, used 0K [0x00000000eab00000, 0x00000000f5800000, 0x0000000100000000)
  eden space 63488K, 0% used [0x00000000eab00000,0x00000000eab00000,0x00000000ee900000)
  from space 2560K, 0% used [0x00000000ee900000,0x00000000ee900000,0x00000000eeb80000)
  to   space 25088K, 0% used [0x00000000f3f80000,0x00000000f3f80000,0x00000000f5800000)
 ParOldGen       total 86016K, used 37219K [0x00000000c0000000, 0x00000000c5400000, 0x00000000eab00000)
  object space 86016K, 43% used [0x00000000c0000000,0x00000000c2458db0,0x00000000c5400000)
 Metaspace       used 5784K, capacity 6896K, committed 7040K, reserved 1056768K
  class space    used 575K, capacity 616K, committed 640K, reserved 1048576K
}
Event: 2.043 GC heap before
{Heap before GC invocations=7 (full 1):
 PSYoungGen      total 66048K, used 63488K [0x00000000eab00000, 0x00000000f5800000, 0x0000000100000000)
  eden space 63488K, 100% used [0x00000000eab00000,0x00000000ee900000,0x00000000ee900000)
  from space 2560K, 0% used [0x00000000ee900000,0x00000000ee900000,0x00000000eeb80000)
  to   space 25088K, 0% used [0x00000000f3f80000,0x00000000f3f80000,0x00000000f5800000)
 ParOldGen       total 86016K, used 37219K [0x00000000c0000000, 0x00000000c5400000, 0x00000000eab00000)
  object space 86016K, 43% used [0x00000000c0000000,0x00000000c2458db0,0x00000000c5400000)
 Metaspace       used 5911K, capacity 7024K, committed 7296K, reserved 1056768K
  class space    used 575K, capacity 616K, committed 640K, reserved 1048576K
Event: 2.065 GC heap after
Heap after GC invocations=7 (full 1):
 PSYoungGen      total 103424K, used 17028K [0x00000000eab00000, 0x00000000f5080000, 0x0000000100000000)
  eden space 86016K, 0% used [0x00000000eab00000,0x00000000eab00000,0x00000000eff00000)
  from space 17408K, 97% used [0x00000000f3f80000,0x00000000f50213f0,0x00000000f5080000)
  to   space 26112K, 0% used [0x00000000f1d80000,0x00000000f1d80000,0x00000000f3700000)
 ParOldGen       total 86016K, used 37227K [0x00000000c0000000, 0x00000000c5400000, 0x00000000eab00000)
  object space 86016K, 43% used [0x00000000c0000000,0x00000000c245adb0,0x00000000c5400000)
 Metaspace       used 5911K, capacity 7024K, committed 7296K, reserved 1056768K
  class space    used 575K, capacity 616K, committed 640K, reserved 1048576K
}
Event: 2.399 GC heap before
{Heap before GC invocations=8 (full 1):
 PSYoungGen      total 103424K, used 103044K [0x00000000eab00000, 0x00000000f5080000, 0x0000000100000000)
  eden space 86016K, 100% used [0x00000000eab00000,0x00000000eff00000,0x00000000eff00000)
  from space 17408K, 97% used [0x00000000f3f80000,0x00000000f50213f0,0x00000000f5080000)
  to   space 26112K, 0% used [0x00000000f1d80000,0x00000000f1d80000,0x00000000f3700000)
 ParOldGen       total 86016K, used 37227K [0x00000000c0000000, 0x00000000c5400000, 0x00000000eab00000)
  object space 86016K, 43% used [0x00000000c0000000,0x00000000c245adb0,0x00000000c5400000)
 Metaspace       used 5997K, capacity 7088K, committed 7296K, reserved 1056768K
  class space    used 575K, capacity 616K, committed 640K, reserved 1048576K
Event: 2.451 GC heap after
Heap after GC invocations=8 (full 1):
 PSYoungGen      total 143360K, used 26093K [0x00000000eab00000, 0x00000000f6780000, 0x0000000100000000)
  eden space 117248K, 0% used [0x00000000eab00000,0x00000000eab00000,0x00000000f1d80000)
  from space 26112K, 99% used [0x00000000f1d80000,0x00000000f36fb608,0x00000000f3700000)
  to   space 35328K, 0% used [0x00000000f4500000,0x00000000f4500000,0x00000000f6780000)
 ParOldGen       total 86016K, used 45960K [0x00000000c0000000, 0x00000000c5400000, 0x00000000eab00000)
  object space 86016K, 53% used [0x00000000c0000000,0x00000000c2ce2360,0x00000000c5400000)
 Metaspace       used 5997K, capacity 7088K, committed 7296K, reserved 1056768K
  class space    used 575K, capacity 616K, committed 640K, reserved 1048576K
}
Event: 3.004 GC heap before
{Heap before GC invocations=9 (full 1):
 PSYoungGen      total 143360K, used 143341K [0x00000000eab00000, 0x00000000f6780000, 0x0000000100000000)
  eden space 117248K, 100% used [0x00000000eab00000,0x00000000f1d80000,0x00000000f1d80000)
  from space 26112K, 99% used [0x00000000f1d80000,0x00000000f36fb608,0x00000000f3700000)
  to   space 35328K, 0% used [0x00000000f4500000,0x00000000f4500000,0x00000000f6780000)
 ParOldGen       total 86016K, used 45960K [0x00000000c0000000, 0x00000000c5400000, 0x00000000eab00000)
  object space 86016K, 53% used [0x00000000c0000000,0x00000000c2ce2360,0x00000000c5400000)
 Metaspace       used 6100K, capacity 7152K, committed 7296K, reserved 1056768K
  class space    used 576K, capacity 616K, committed 640K, reserved 1048576K
Event: 3.060 GC heap after
Heap after GC invocations=9 (full 1):
 PSYoungGen      total 147456K, used 35309K [0x00000000eab00000, 0x00000000fa800000, 0x0000000100000000)
  eden space 112128K, 0% used [0x00000000eab00000,0x00000000eab00000,0x00000000f1880000)
  from space 35328K, 99% used [0x00000000f4500000,0x00000000f677b760,0x00000000f6780000)
  to   space 45568K, 0% used [0x00000000f1880000,0x00000000f1880000,0x00000000f4500000)
 ParOldGen       total 86016K, used 54140K [0x00000000c0000000, 0x00000000c5400000, 0x00000000eab00000)
  object space 86016K, 62% used [0x00000000c0000000,0x00000000c34df0a8,0x00000000c5400000)
 Metaspace       used 6100K, capacity 7152K, committed 7296K, reserved 1056768K
  class space    used 576K, capacity 616K, committed 640K, reserved 1048576K
}
Event: 3.388 GC heap before
{Heap before GC invocations=10 (full 1):
 PSYoungGen      total 147456K, used 147437K [0x00000000eab00000, 0x00000000fa800000, 0x0000000100000000)
  eden space 112128K, 100% used [0x00000000eab00000,0x00000000f1880000,0x00000000f1880000)
  from space 35328K, 99% used [0x00000000f4500000,0x00000000f677b760,0x00000000f6780000)
  to   space 45568K, 0% used [0x00000000f1880000,0x00000000f1880000,0x00000000f4500000)
 ParOldGen       total 86016K, used 54140K [0x00000000c0000000, 0x00000000c5400000, 0x00000000eab00000)
  object space 86016K, 62% used [0x00000000c0000000,0x00000000c34df0a8,0x00000000c5400000)
 Metaspace       used 6114K, capacity 7152K, committed 7296K, reserved 1056768K
  class space    used 577K, capacity 616K, committed 640K, reserved 1048576K
Event: 3.445 GC heap after
Heap after GC invocations=10 (full 1):
 PSYoungGen      total 157696K, used 45562K [0x00000000eab00000, 0x00000000fb600000, 0x0000000100000000)
  eden space 112128K, 0% used [0x00000000eab00000,0x00000000eab00000,0x00000000f1880000)
  from space 45568K, 99% used [0x00000000f1880000,0x00000000f44feb28,0x00000000f4500000)
  to   space 64512K, 0% used [0x00000000f7700000,0x00000000f7700000,0x00000000fb600000)
 ParOldGen       total 86016K, used 82145K [0x00000000c0000000, 0x00000000c5400000, 0x00000000eab00000)
  object space 86016K, 95% used [0x00000000c0000000,0x00000000c50384e8,0x00000000c5400000)
 Metaspace       used 6114K, capacity 7152K, committed 7296K, reserved 1056768K
  class space    used 577K, capacity 616K, committed 640K, reserved 1048576K
}
Event: 3.445 GC heap before
{Heap before GC invocations=11 (full 2):
 PSYoungGen      total 157696K, used 45562K [0x00000000eab00000, 0x00000000fb600000, 0x0000000100000000)
  eden space 112128K, 0% used [0x00000000eab00000,0x00000000eab00000,0x00000000f1880000)
  from space 45568K, 99% used [0x00000000f1880000,0x00000000f44feb28,0x00000000f4500000)
  to   space 64512K, 0% used [0x00000000f7700000,0x00000000f7700000,0x00000000fb600000)
 ParOldGen       total 86016K, used 82145K [0x00000000c0000000, 0x00000000c5400000, 0x00000000eab00000)
  object space 86016K, 95% used [0x00000000c0000000,0x00000000c50384e8,0x00000000c5400000)
 Metaspace       used 6114K, capacity 7152K, committed 7296K, reserved 1056768K
  class space    used 577K, capacity 616K, committed 640K, reserved 1048576K

