# JRE version: OpenJDK Runtime Environment (8.0_112-b15) (build 1.8.0_112-b15)
# Java VM: OpenJDK 64-Bit Server VM (25.112-b15 mixed mode linux-amd64 compressed oops)
Heap:
 PSYoungGen      total 99328K, used 0K [0x00000000eab00000, 0x00000000f5280000, 0x0000000100000000)
  eden space 60928K, 0% used [0x00000000eab00000,0x00000000eab00000,0x00000000ee680000)
  from space 38400K, 0% used [0x00000000f1680000,0x00000000f1680000,0x00000000f3c00000)
  to   space 49152K, 0% used [0x00000000ee680000,0x00000000ee680000,0x00000000f1680000)
 ParOldGen       total 64000K, used 55158K [0x00000000c0000000, 0x00000000c3e80000, 0x00000000eab00000)
  object space 64000K, 86% used [0x00000000c0000000,0x00000000c35dd898,0x00000000c3e80000)
 Metaspace       used 6026K, capacity 7088K, committed 7296K, reserved 1056768K
  class space    used 578K, capacity 616K, committed 640K, reserved 1048576K
GC Heap History (10 events):
Event: 3.486 GC heap after
Heap after GC invocations=7 (full 1):
 PSYoungGen      total 54784K, used 10080K [0x00000000eab00000, 0x00000000f0300000, 0x0000000100000000)
  eden space 44544K, 0% used [0x00000000eab00000,0x00000000eab00000,0x00000000ed680000)
  from space 10240K, 98% used [0x00000000ef900000,0x00000000f02d8000,0x00000000f0300000)
  to   space 16384K, 0% used [0x00000000ee300000,0x00000000ee300000,0x00000000ef300000)
 ParOldGen       total 64000K, used 25060K [0x00000000c0000000, 0x00000000c3e80000, 0x00000000eab00000)
  object space 64000K, 39% used [0x00000000c0000000,0x00000000c1879328,0x00000000c3e80000)
 Metaspace       used 5859K, capacity 6960K, committed 7040K, reserved 1056768K
  class space    used 576K, capacity 616K, committed 640K, reserved 1048576K
}
Event: 3.724 GC heap before
{Heap before GC invocations=8 (full 1):
 PSYoungGen      total 54784K, used 54624K [0x00000000eab00000, 0x00000000f0300000, 0x0000000100000000)
  eden space 44544K, 100% used [0x00000000eab00000,0x00000000ed680000,0x00000000ed680000)
  from space 10240K, 98% used [0x00000000ef900000,0x00000000f02d8000,0x00000000f0300000)
  to   space 16384K, 0% used [0x00000000ee300000,0x00000000ee300000,0x00000000ef300000)
 ParOldGen       total 64000K, used 25060K [0x00000000c0000000, 0x00000000c3e80000, 0x00000000eab00000)
  object space 64000K, 39% used [0x00000000c0000000,0x00000000c1879328,0x00000000c3e80000)
 Metaspace       used 5900K, capacity 7024K, committed 7296K, reserved 1056768K
  class space    used 576K, capacity 616K, committed 640K, reserved 1048576K
Event: 3.742 GC heap after
Heap after GC invocations=8 (full 1):
 PSYoungGen      total 73728K, used 16381K [0x00000000eab00000, 0x00000000f1300000, 0x0000000100000000)
  eden space 57344K, 0% used [0x00000000eab00000,0x00000000eab00000,0x00000000ee300000)
  from space 16384K, 99% used [0x00000000ee300000,0x00000000ef2ff720,0x00000000ef300000)
  to   space 22016K, 0% used [0x00000000efd80000,0x00000000efd80000,0x00000000f1300000)
 ParOldGen       total 64000K, used 30727K [0x00000000c0000000, 0x00000000c3e80000, 0x00000000eab00000)
  object space 64000K, 48% used [0x00000000c0000000,0x00000000c1e01f20,0x00000000c3e80000)
 Metaspace       used 5900K, capacity 7024K, committed 7296K, reserved 1056768K
  class space    used 576K, capacity 616K, committed 640K, reserved 1048576K
}
Event: 3.978 GC heap before
{Heap before GC invocations=9 (full 1):
 PSYoungGen      total 73728K, used 73725K [0x00000000eab00000, 0x00000000f1300000, 0x0000000100000000)
  eden space 57344K, 100% used [0x00000000eab00000,0x00000000ee300000,0x00000000ee300000)
  from space 16384K, 99% used [0x00000000ee300000,0x00000000ef2ff720,0x00000000ef300000)
  to   space 22016K, 0% used [0x00000000efd80000,0x00000000efd80000,0x00000000f1300000)
 ParOldGen       total 64000K, used 30727K [0x00000000c0000000, 0x00000000c3e80000, 0x00000000eab00000)
  object space 64000K, 48% used [0x00000000c0000000,0x00000000c1e01f20,0x00000000c3e80000)
 Metaspace       used 5947K, capacity 7024K, committed 7296K, reserved 1056768K
  class space    used 576K, capacity 616K, committed 640K, reserved 1048576K
Event: 4.008 GC heap after
Heap after GC invocations=9 (full 1):
 PSYoungGen      total 77312K, used 22004K [0x00000000eab00000, 0x00000000f3500000, 0x0000000100000000)
  eden space 55296K, 0% used [0x00000000eab00000,0x00000000eab00000,0x00000000ee100000)
  from space 22016K, 99% used [0x00000000efd80000,0x00000000f12fd2c0,0x00000000f1300000)
  to   space 29184K, 0% used [0x00000000ee100000,0x00000000ee100000,0x00000000efd80000)
 ParOldGen       total 64000K, used 39590K [0x00000000c0000000, 0x00000000c3e80000, 0x00000000eab00000)
  object space 64000K, 61% used [0x00000000c0000000,0x00000000c26a9818,0x00000000c3e80000)
 Metaspace       used 5947K, capacity 7024K, committed 7296K, reserved 1056768K
  class space    used 576K, capacity 616K, committed 640K, reserved 1048576K
}
Event: 4.214 GC heap before
{Heap before GC invocations=10 (full 1):
 PSYoungGen      total 77312K, used 77300K [0x00000000eab00000, 0x00000000f3500000, 0x0000000100000000)
  eden space 55296K, 100% used [0x00000000eab00000,0x00000000ee100000,0x00000000ee100000)
  from space 22016K, 99% used [0x00000000efd80000,0x00000000f12fd2c0,0x00000000f1300000)
  to   space 29184K, 0% used [0x00000000ee100000,0x00000000ee100000,0x00000000efd80000)
 ParOldGen       total 64000K, used 39590K [0x00000000c0000000, 0x00000000c3e80000, 0x00000000eab00000)
  object space 64000K, 61% used [0x00000000c0000000,0x00000000c26a9818,0x00000000c3e80000)
 Metaspace       used 6001K, capacity 7088K, committed 7296K, reserved 1056768K
  class space    used 578K, capacity 616K, committed 640K, reserved 1048576K
Event: 4.243 GC heap after
Heap after GC invocations=10 (full 1):
 PSYoungGen      total 84480K, used 29153K [0x00000000eab00000, 0x00000000f3c00000, 0x0000000100000000)
  eden space 55296K, 0% used [0x00000000eab00000,0x00000000eab00000,0x00000000ee100000)
  from space 29184K, 99% used [0x00000000ee100000,0x00000000efd78408,0x00000000efd80000)
  to   space 38400K, 0% used [0x00000000f1680000,0x00000000f1680000,0x00000000f3c00000)
 ParOldGen       total 64000K, used 49635K [0x00000000c0000000, 0x00000000c3e80000, 0x00000000eab00000)
  object space 64000K, 77% used [0x00000000c0000000,0x00000000c3078fa8,0x00000000c3e80000)
 Metaspace       used 6001K, capacity 7088K, committed 7296K, reserved 1056768K
  class space    used 578K, capacity 616K, committed 640K, reserved 1048576K
}
Event: 4.509 GC heap before
{Heap before GC invocations=11 (full 1):
 PSYoungGen      total 84480K, used 84449K [0x00000000eab00000, 0x00000000f3c00000, 0x0000000100000000)
  eden space 55296K, 100% used [0x00000000eab00000,0x00000000ee100000,0x00000000ee100000)
  from space 29184K, 99% used [0x00000000ee100000,0x00000000efd78408,0x00000000efd80000)
  to   space 38400K, 0% used [0x00000000f1680000,0x00000000f1680000,0x00000000f3c00000)
 ParOldGen       total 64000K, used 49635K [0x00000000c0000000, 0x00000000c3e80000, 0x00000000eab00000)
  object space 64000K, 77% used [0x00000000c0000000,0x00000000c3078fa8,0x00000000c3e80000)
 Metaspace       used 6026K, capacity 7088K, committed 7296K, reserved 1056768K
  class space    used 578K, capacity 616K, committed 640K, reserved 1048576K
Event: 4.566 GC heap after
Heap after GC invocations=11 (full 1):
 PSYoungGen      total 99328K, used 38390K [0x00000000eab00000, 0x00000000f5280000, 0x0000000100000000)
  eden space 60928K, 0% used [0x00000000eab00000,0x00000000eab00000,0x00000000ee680000)
  from space 38400K, 99% used [0x00000000f1680000,0x00000000f3bfd818,0x00000000f3c00000)
  to   space 49152K, 0% used [0x00000000ee680000,0x00000000ee680000,0x00000000f1680000)
 ParOldGen       total 64000K, used 62924K [0x00000000c0000000, 0x00000000c3e80000, 0x00000000eab00000)
  object space 64000K, 98% used [0x00000000c0000000,0x00000000c3d73380,0x00000000c3e80000)
 Metaspace       used 6026K, capacity 7088K, committed 7296K, reserved 1056768K
  class space    used 578K, capacity 616K, committed 640K, reserved 1048576K
}
Event: 4.566 GC heap before
{Heap before GC invocations=12 (full 2):
 PSYoungGen      total 99328K, used 38390K [0x00000000eab00000, 0x00000000f5280000, 0x0000000100000000)
  eden space 60928K, 0% used [0x00000000eab00000,0x00000000eab00000,0x00000000ee680000)
  from space 38400K, 99% used [0x00000000f1680000,0x00000000f3bfd818,0x00000000f3c00000)
  to   space 49152K, 0% used [0x00000000ee680000,0x00000000ee680000,0x00000000f1680000)
 ParOldGen       total 64000K, used 62924K [0x00000000c0000000, 0x00000000c3e80000, 0x00000000eab00000)
  object space 64000K, 98% used [0x00000000c0000000,0x00000000c3d73380,0x00000000c3e80000)
 Metaspace       used 6026K, capacity 7088K, committed 7296K, reserved 1056768K
  class space    used 578K, capacity 616K, committed 640K, reserved 1048576K

