# JRE version: OpenJDK Runtime Environment (8.0_121-b13) (build 1.8.0_121-b13)
# Java VM: OpenJDK 64-Bit Server VM (25.121-b13 mixed mode linux-amd64 compressed oops)
Heap:
 PSYoungGen      total 141824K, used 25269K [0x00000000eab00000, 0x00000000f5600000, 0x0000000100000000)
  eden space 114688K, 0% used [0x00000000eab00000,0x00000000eab00000,0x00000000f1b00000)
  from space 27136K, 93% used [0x00000000f1b00000,0x00000000f33ad628,0x00000000f3580000)
  to   space 20992K, 0% used [0x00000000f3580000,0x00000000f3580000,0x00000000f4a00000)
 ParOldGen       total 62464K, used 35377K [0x00000000c0000000, 0x00000000c3d00000, 0x00000000eab00000)
  object space 62464K, 56% used [0x00000000c0000000,0x00000000c228c6a0,0x00000000c3d00000)
 Metaspace       used 6075K, capacity 7152K, committed 7296K, reserved 1056768K
  class space    used 575K, capacity 616K, committed 640K, reserved 1048576K
GC Heap History (10 events):
Event: 23.871 GC heap after
Heap after GC invocations=5 (full 0):
 PSYoungGen      total 34304K, used 2556K [0x00000000eab00000, 0x00000000f0000000, 0x0000000100000000)
  eden space 31744K, 0% used [0x00000000eab00000,0x00000000eab00000,0x00000000eca00000)
  from space 2560K, 99% used [0x00000000eca00000,0x00000000ecc7f028,0x00000000ecc80000)
  to   space 11776K, 0% used [0x00000000ef480000,0x00000000ef480000,0x00000000f0000000)
 ParOldGen       total 42496K, used 21607K [0x00000000c0000000, 0x00000000c2980000, 0x00000000eab00000)
  object space 42496K, 50% used [0x00000000c0000000,0x00000000c1519fe0,0x00000000c2980000)
 Metaspace       used 5751K, capacity 6896K, committed 7040K, reserved 1056768K
  class space    used 574K, capacity 616K, committed 640K, reserved 1048576K
}
Event: 24.250 GC heap before
{Heap before GC invocations=6 (full 0):
 PSYoungGen      total 34304K, used 34300K [0x00000000eab00000, 0x00000000f0000000, 0x0000000100000000)
  eden space 31744K, 100% used [0x00000000eab00000,0x00000000eca00000,0x00000000eca00000)
  from space 2560K, 99% used [0x00000000eca00000,0x00000000ecc7f028,0x00000000ecc80000)
  to   space 11776K, 0% used [0x00000000ef480000,0x00000000ef480000,0x00000000f0000000)
 ParOldGen       total 42496K, used 21607K [0x00000000c0000000, 0x00000000c2980000, 0x00000000eab00000)
  object space 42496K, 50% used [0x00000000c0000000,0x00000000c1519fe0,0x00000000c2980000)
 Metaspace       used 5819K, capacity 6960K, committed 7040K, reserved 1056768K
  class space    used 575K, capacity 616K, committed 640K, reserved 1048576K
Event: 24.300 GC heap after
Heap after GC invocations=6 (full 0):
 PSYoungGen      total 72192K, used 11758K [0x00000000eab00000, 0x00000000f0600000, 0x0000000100000000)
  eden space 60416K, 0% used [0x00000000eab00000,0x00000000eab00000,0x00000000ee600000)
  from space 11776K, 99% used [0x00000000ef480000,0x00000000efffba10,0x00000000f0000000)
  to   space 14848K, 0% used [0x00000000ee600000,0x00000000ee600000,0x00000000ef480000)
 ParOldGen       total 42496K, used 23708K [0x00000000c0000000, 0x00000000c2980000, 0x00000000eab00000)
  object space 42496K, 55% used [0x00000000c0000000,0x00000000c1727068,0x00000000c2980000)
 Metaspace       used 5819K, capacity 6960K, committed 7040K, reserved 1056768K
  class space    used 575K, capacity 616K, committed 640K, reserved 1048576K
}
Event: 24.953 GC heap before
{Heap before GC invocations=7 (full 0):
 PSYoungGen      total 72192K, used 72174K [0x00000000eab00000, 0x00000000f0600000, 0x0000000100000000)
  eden space 60416K, 100% used [0x00000000eab00000,0x00000000ee600000,0x00000000ee600000)
  from space 11776K, 99% used [0x00000000ef480000,0x00000000efffba10,0x00000000f0000000)
  to   space 14848K, 0% used [0x00000000ee600000,0x00000000ee600000,0x00000000ef480000)
 ParOldGen       total 42496K, used 23708K [0x00000000c0000000, 0x00000000c2980000, 0x00000000eab00000)
  object space 42496K, 55% used [0x00000000c0000000,0x00000000c1727068,0x00000000c2980000)
 Metaspace       used 5905K, capacity 6960K, committed 7040K, reserved 1056768K
  class space    used 575K, capacity 616K, committed 640K, reserved 1048576K
Event: 25.093 GC heap after
Heap after GC invocations=7 (full 0):
 PSYoungGen      total 75264K, used 14823K [0x00000000eab00000, 0x00000000f4a00000, 0x0000000100000000)
  eden space 60416K, 0% used [0x00000000eab00000,0x00000000eab00000,0x00000000ee600000)
  from space 14848K, 99% used [0x00000000ee600000,0x00000000ef479df0,0x00000000ef480000)
  to   space 20992K, 0% used [0x00000000f3580000,0x00000000f3580000,0x00000000f4a00000)
 ParOldGen       total 42496K, used 31102K [0x00000000c0000000, 0x00000000c2980000, 0x00000000eab00000)
  object space 42496K, 73% used [0x00000000c0000000,0x00000000c1e5f900,0x00000000c2980000)
 Metaspace       used 5905K, capacity 6960K, committed 7040K, reserved 1056768K
  class space    used 575K, capacity 616K, committed 640K, reserved 1048576K
}
Event: 25.474 GC heap before
{Heap before GC invocations=8 (full 0):
 PSYoungGen      total 75264K, used 75239K [0x00000000eab00000, 0x00000000f4a00000, 0x0000000100000000)
  eden space 60416K, 100% used [0x00000000eab00000,0x00000000ee600000,0x00000000ee600000)
  from space 14848K, 99% used [0x00000000ee600000,0x00000000ef479df0,0x00000000ef480000)
  to   space 20992K, 0% used [0x00000000f3580000,0x00000000f3580000,0x00000000f4a00000)
 ParOldGen       total 42496K, used 31102K [0x00000000c0000000, 0x00000000c2980000, 0x00000000eab00000)
  object space 42496K, 73% used [0x00000000c0000000,0x00000000c1e5f900,0x00000000c2980000)
 Metaspace       used 5965K, capacity 7024K, committed 7296K, reserved 1056768K
  class space    used 575K, capacity 616K, committed 640K, reserved 1048576K
Event: 25.537 GC heap after
Heap after GC invocations=8 (full 0):
 PSYoungGen      total 135680K, used 20980K [0x00000000eab00000, 0x00000000f5600000, 0x0000000100000000)
  eden space 114688K, 0% used [0x00000000eab00000,0x00000000eab00000,0x00000000f1b00000)
  from space 20992K, 99% used [0x00000000f3580000,0x00000000f49fd2a8,0x00000000f4a00000)
  to   space 27136K, 0% used [0x00000000f1b00000,0x00000000f1b00000,0x00000000f3580000)
 ParOldGen       total 42496K, used 36661K [0x00000000c0000000, 0x00000000c2980000, 0x00000000eab00000)
  object space 42496K, 86% used [0x00000000c0000000,0x00000000c23cd6d0,0x00000000c2980000)
 Metaspace       used 5965K, capacity 7024K, committed 7296K, reserved 1056768K
  class space    used 575K, capacity 616K, committed 640K, reserved 1048576K
}
Event: 25.537 GC heap before
{Heap before GC invocations=9 (full 1):
 PSYoungGen      total 135680K, used 20980K [0x00000000eab00000, 0x00000000f5600000, 0x0000000100000000)
  eden space 114688K, 0% used [0x00000000eab00000,0x00000000eab00000,0x00000000f1b00000)
  from space 20992K, 99% used [0x00000000f3580000,0x00000000f49fd2a8,0x00000000f4a00000)
  to   space 27136K, 0% used [0x00000000f1b00000,0x00000000f1b00000,0x00000000f3580000)
 ParOldGen       total 42496K, used 36661K [0x00000000c0000000, 0x00000000c2980000, 0x00000000eab00000)
  object space 42496K, 86% used [0x00000000c0000000,0x00000000c23cd6d0,0x00000000c2980000)
 Metaspace       used 5965K, capacity 7024K, committed 7296K, reserved 1056768K
  class space    used 575K, capacity 616K, committed 640K, reserved 1048576K
Event: 25.846 GC heap after
Heap after GC invocations=9 (full 1):
 PSYoungGen      total 135680K, used 0K [0x00000000eab00000, 0x00000000f5600000, 0x0000000100000000)
  eden space 114688K, 0% used [0x00000000eab00000,0x00000000eab00000,0x00000000f1b00000)
  from space 20992K, 0% used [0x00000000f3580000,0x00000000f3580000,0x00000000f4a00000)
  to   space 27136K, 0% used [0x00000000f1b00000,0x00000000f1b00000,0x00000000f3580000)
 ParOldGen       total 62464K, used 35369K [0x00000000c0000000, 0x00000000c3d00000, 0x00000000eab00000)
  object space 62464K, 56% used [0x00000000c0000000,0x00000000c228a6a0,0x00000000c3d00000)
 Metaspace       used 5965K, capacity 7024K, committed 7296K, reserved 1056768K
  class space    used 575K, capacity 616K, committed 640K, reserved 1048576K
}
Event: 29.430 GC heap before
{Heap before GC invocations=10 (full 1):
 PSYoungGen      total 135680K, used 114688K [0x00000000eab00000, 0x00000000f5600000, 0x0000000100000000)
  eden space 114688K, 100% used [0x00000000eab00000,0x00000000f1b00000,0x00000000f1b00000)
  from space 20992K, 0% used [0x00000000f3580000,0x00000000f3580000,0x00000000f4a00000)
  to   space 27136K, 0% used [0x00000000f1b00000,0x00000000f1b00000,0x00000000f3580000)
 ParOldGen       total 62464K, used 35369K [0x00000000c0000000, 0x00000000c3d00000, 0x00000000eab00000)
  object space 62464K, 56% used [0x00000000c0000000,0x00000000c228a6a0,0x00000000c3d00000)
 Metaspace       used 6075K, capacity 7152K, committed 7296K, reserved 1056768K
  class space    used 575K, capacity 616K, committed 640K, reserved 1048576K

