# JRE version: OpenJDK Runtime Environment (8.0_112-b15) (build 1.8.0_112-b15)
# Java VM: OpenJDK 64-Bit Server VM (25.112-b15 mixed mode linux-amd64 compressed oops)
Heap:
 PSYoungGen      total 118784K, used 28157K [0x00000000eab00000, 0x00000000f3e80000, 0x0000000100000000)
  eden space 90624K, 0% used [0x00000000eab00000,0x00000000eab00000,0x00000000f0380000)
  from space 28160K, 99% used [0x00000000f0380000,0x00000000f1eff718,0x00000000f1f00000)
  to   space 25088K, 0% used [0x00000000f1f00000,0x00000000f1f00000,0x00000000f3780000)
 ParOldGen       total 71168K, used 50020K [0x00000000c0000000, 0x00000000c4580000, 0x00000000eab00000)
  object space 71168K, 70% used [0x00000000c0000000,0x00000000c30d90d0,0x00000000c4580000)
 Metaspace       used 5916K, capacity 7024K, committed 7296K, reserved 1056768K
  class space    used 576K, capacity 616K, committed 640K, reserved 1048576K
GC Heap History (10 events):
Event: 1.334 GC heap after
Heap after GC invocations=3 (full 0):
 PSYoungGen      total 34304K, used 2533K [0x00000000eab00000, 0x00000000eee00000, 0x0000000100000000)
  eden space 31744K, 0% used [0x00000000eab00000,0x00000000eab00000,0x00000000eca00000)
  from space 2560K, 98% used [0x00000000eca00000,0x00000000ecc79700,0x00000000ecc80000)
  to   space 2560K, 0% used [0x00000000eeb80000,0x00000000eeb80000,0x00000000eee00000)
 ParOldGen       total 42496K, used 13738K [0x00000000c0000000, 0x00000000c2980000, 0x00000000eab00000)
  object space 42496K, 32% used [0x00000000c0000000,0x00000000c0d6aa60,0x00000000c2980000)
 Metaspace       used 5763K, capacity 6896K, committed 7040K, reserved 1056768K
  class space    used 575K, capacity 616K, committed 640K, reserved 1048576K
}
Event: 1.470 GC heap before
{Heap before GC invocations=4 (full 0):
 PSYoungGen      total 34304K, used 34277K [0x00000000eab00000, 0x00000000eee00000, 0x0000000100000000)
  eden space 31744K, 100% used [0x00000000eab00000,0x00000000eca00000,0x00000000eca00000)
  from space 2560K, 98% used [0x00000000eca00000,0x00000000ecc79700,0x00000000ecc80000)
  to   space 2560K, 0% used [0x00000000eeb80000,0x00000000eeb80000,0x00000000eee00000)
 ParOldGen       total 42496K, used 13738K [0x00000000c0000000, 0x00000000c2980000, 0x00000000eab00000)
  object space 42496K, 32% used [0x00000000c0000000,0x00000000c0d6aa60,0x00000000c2980000)
 Metaspace       used 5795K, capacity 6896K, committed 7040K, reserved 1056768K
  class space    used 576K, capacity 616K, committed 640K, reserved 1048576K
Event: 1.501 GC heap after
Heap after GC invocations=4 (full 0):
 PSYoungGen      total 66048K, used 2542K [0x00000000eab00000, 0x00000000eee00000, 0x0000000100000000)
  eden space 63488K, 0% used [0x00000000eab00000,0x00000000eab00000,0x00000000ee900000)
  from space 2560K, 99% used [0x00000000eeb80000,0x00000000eedfb8f0,0x00000000eee00000)
  to   space 2560K, 0% used [0x00000000ee900000,0x00000000ee900000,0x00000000eeb80000)
 ParOldGen       total 42496K, used 31078K [0x00000000c0000000, 0x00000000c2980000, 0x00000000eab00000)
  object space 42496K, 73% used [0x00000000c0000000,0x00000000c1e59a28,0x00000000c2980000)
 Metaspace       used 5795K, capacity 6896K, committed 7040K, reserved 1056768K
  class space    used 576K, capacity 616K, committed 640K, reserved 1048576K
}
Event: 1.501 GC heap before
{Heap before GC invocations=5 (full 1):
 PSYoungGen      total 66048K, used 2542K [0x00000000eab00000, 0x00000000eee00000, 0x0000000100000000)
  eden space 63488K, 0% used [0x00000000eab00000,0x00000000eab00000,0x00000000ee900000)
  from space 2560K, 99% used [0x00000000eeb80000,0x00000000eedfb8f0,0x00000000eee00000)
  to   space 2560K, 0% used [0x00000000ee900000,0x00000000ee900000,0x00000000eeb80000)
 ParOldGen       total 42496K, used 31078K [0x00000000c0000000, 0x00000000c2980000, 0x00000000eab00000)
  object space 42496K, 73% used [0x00000000c0000000,0x00000000c1e59a28,0x00000000c2980000)
 Metaspace       used 5795K, capacity 6896K, committed 7040K, reserved 1056768K
  class space    used 576K, capacity 616K, committed 640K, reserved 1048576K
Event: 1.603 GC heap after
Heap after GC invocations=5 (full 1):
 PSYoungGen      total 66048K, used 0K [0x00000000eab00000, 0x00000000eee00000, 0x0000000100000000)
  eden space 63488K, 0% used [0x00000000eab00000,0x00000000eab00000,0x00000000ee900000)
  from space 2560K, 0% used [0x00000000eeb80000,0x00000000eeb80000,0x00000000eee00000)
  to   space 2560K, 0% used [0x00000000ee900000,0x00000000ee900000,0x00000000eeb80000)
 ParOldGen       total 71168K, used 28040K [0x00000000c0000000, 0x00000000c4580000, 0x00000000eab00000)
  object space 71168K, 39% used [0x00000000c0000000,0x00000000c1b621f8,0x00000000c4580000)
 Metaspace       used 5795K, capacity 6896K, committed 7040K, reserved 1056768K
  class space    used 576K, capacity 616K, committed 640K, reserved 1048576K
}
Event: 1.989 GC heap before
{Heap before GC invocations=6 (full 1):
 PSYoungGen      total 66048K, used 63488K [0x00000000eab00000, 0x00000000eee00000, 0x0000000100000000)
  eden space 63488K, 100% used [0x00000000eab00000,0x00000000ee900000,0x00000000ee900000)
  from space 2560K, 0% used [0x00000000eeb80000,0x00000000eeb80000,0x00000000eee00000)
  to   space 2560K, 0% used [0x00000000ee900000,0x00000000ee900000,0x00000000eeb80000)
 ParOldGen       total 71168K, used 28040K [0x00000000c0000000, 0x00000000c4580000, 0x00000000eab00000)
  object space 71168K, 39% used [0x00000000c0000000,0x00000000c1b621f8,0x00000000c4580000)
 Metaspace       used 5863K, capacity 6960K, committed 7040K, reserved 1056768K
  class space    used 576K, capacity 616K, committed 640K, reserved 1048576K
Event: 2.007 GC heap after
Heap after GC invocations=6 (full 1):
 PSYoungGen      total 66048K, used 2545K [0x00000000eab00000, 0x00000000f3780000, 0x0000000100000000)
  eden space 63488K, 0% used [0x00000000eab00000,0x00000000eab00000,0x00000000ee900000)
  from space 2560K, 99% used [0x00000000ee900000,0x00000000eeb7c778,0x00000000eeb80000)
  to   space 25088K, 0% used [0x00000000f1f00000,0x00000000f1f00000,0x00000000f3780000)
 ParOldGen       total 71168K, used 44813K [0x00000000c0000000, 0x00000000c4580000, 0x00000000eab00000)
  object space 71168K, 62% used [0x00000000c0000000,0x00000000c2bc3778,0x00000000c4580000)
 Metaspace       used 5863K, capacity 6960K, committed 7040K, reserved 1056768K
  class space    used 576K, capacity 616K, committed 640K, reserved 1048576K
}
Event: 2.479 GC heap before
{Heap before GC invocations=7 (full 1):
 PSYoungGen      total 66048K, used 66033K [0x00000000eab00000, 0x00000000f3780000, 0x0000000100000000)
  eden space 63488K, 100% used [0x00000000eab00000,0x00000000ee900000,0x00000000ee900000)
  from space 2560K, 99% used [0x00000000ee900000,0x00000000eeb7c778,0x00000000eeb80000)
  to   space 25088K, 0% used [0x00000000f1f00000,0x00000000f1f00000,0x00000000f3780000)
 ParOldGen       total 71168K, used 44813K [0x00000000c0000000, 0x00000000c4580000, 0x00000000eab00000)
  object space 71168K, 62% used [0x00000000c0000000,0x00000000c2bc3778,0x00000000c4580000)
 Metaspace       used 5891K, capacity 7024K, committed 7296K, reserved 1056768K
  class space    used 576K, capacity 616K, committed 640K, reserved 1048576K
Event: 2.517 GC heap after
Heap after GC invocations=7 (full 1):
 PSYoungGen      total 115712K, used 21196K [0x00000000eab00000, 0x00000000f3e80000, 0x0000000100000000)
  eden space 90624K, 0% used [0x00000000eab00000,0x00000000eab00000,0x00000000f0380000)
  from space 25088K, 84% used [0x00000000f1f00000,0x00000000f33b33b8,0x00000000f3780000)
  to   space 28160K, 0% used [0x00000000f0380000,0x00000000f0380000,0x00000000f1f00000)
 ParOldGen       total 71168K, used 44821K [0x00000000c0000000, 0x00000000c4580000, 0x00000000eab00000)
  object space 71168K, 62% used [0x00000000c0000000,0x00000000c2bc5778,0x00000000c4580000)
 Metaspace       used 5891K, capacity 7024K, committed 7296K, reserved 1056768K
  class space    used 576K, capacity 616K, committed 640K, reserved 1048576K
}
Event: 3.012 GC heap before
{Heap before GC invocations=8 (full 1):
 PSYoungGen      total 115712K, used 111820K [0x00000000eab00000, 0x00000000f3e80000, 0x0000000100000000)
  eden space 90624K, 100% used [0x00000000eab00000,0x00000000f0380000,0x00000000f0380000)
  from space 25088K, 84% used [0x00000000f1f00000,0x00000000f33b33b8,0x00000000f3780000)
  to   space 28160K, 0% used [0x00000000f0380000,0x00000000f0380000,0x00000000f1f00000)
 ParOldGen       total 71168K, used 44821K [0x00000000c0000000, 0x00000000c4580000, 0x00000000eab00000)
  object space 71168K, 62% used [0x00000000c0000000,0x00000000c2bc5778,0x00000000c4580000)
 Metaspace       used 5916K, capacity 7024K, committed 7296K, reserved 1056768K
  class space    used 576K, capacity 616K, committed 640K, reserved 1048576K

