# JRE version: OpenJDK Runtime Environment (8.0_112-b15) (build 1.8.0_112-b15)
# Java VM: OpenJDK 64-Bit Server VM (25.112-b15 mixed mode linux-amd64 compressed oops)
Heap:
 PSYoungGen      total 123392K, used 41444K [0x00000000eab00000, 0x00000000f6980000, 0x0000000100000000)
  eden space 81920K, 0% used [0x00000000eab00000,0x00000000eab00000,0x00000000efb00000)
  from space 41472K, 99% used [0x00000000f4100000,0x00000000f6979010,0x00000000f6980000)
  to   space 30208K, 0% used [0x00000000efb00000,0x00000000efb00000,0x00000000f1880000)
 ParOldGen       total 110592K, used 76686K [0x00000000c0000000, 0x00000000c6c00000, 0x00000000eab00000)
  object space 110592K, 69% used [0x00000000c0000000,0x00000000c4ae39e0,0x00000000c6c00000)
 Metaspace       used 5908K, capacity 7024K, committed 7296K, reserved 1056768K
  class space    used 578K, capacity 616K, committed 640K, reserved 1048576K
GC Heap History (10 events):
Event: 4.578 GC heap after
Heap after GC invocations=5 (full 1):
 PSYoungGen      total 66048K, used 0K [0x00000000eab00000, 0x00000000eee00000, 0x0000000100000000)
  eden space 63488K, 0% used [0x00000000eab00000,0x00000000eab00000,0x00000000ee900000)
  from space 2560K, 0% used [0x00000000eeb80000,0x00000000eeb80000,0x00000000eee00000)
  to   space 2560K, 0% used [0x00000000ee900000,0x00000000ee900000,0x00000000eeb80000)
 ParOldGen       total 66048K, used 25135K [0x00000000c0000000, 0x00000000c4080000, 0x00000000eab00000)
  object space 66048K, 38% used [0x00000000c0000000,0x00000000c188be68,0x00000000c4080000)
 Metaspace       used 5724K, capacity 6832K, committed 7040K, reserved 1056768K
  class space    used 576K, capacity 616K, committed 640K, reserved 1048576K
}
Event: 5.624 GC heap before
{Heap before GC invocations=6 (full 1):
 PSYoungGen      total 66048K, used 63488K [0x00000000eab00000, 0x00000000eee00000, 0x0000000100000000)
  eden space 63488K, 100% used [0x00000000eab00000,0x00000000ee900000,0x00000000ee900000)
  from space 2560K, 0% used [0x00000000eeb80000,0x00000000eeb80000,0x00000000eee00000)
  to   space 2560K, 0% used [0x00000000ee900000,0x00000000ee900000,0x00000000eeb80000)
 ParOldGen       total 66048K, used 25135K [0x00000000c0000000, 0x00000000c4080000, 0x00000000eab00000)
  object space 66048K, 38% used [0x00000000c0000000,0x00000000c188be68,0x00000000c4080000)
 Metaspace       used 5831K, capacity 6960K, committed 7040K, reserved 1056768K
  class space    used 576K, capacity 616K, committed 640K, reserved 1048576K
Event: 5.701 GC heap after
Heap after GC invocations=6 (full 1):
 PSYoungGen      total 66048K, used 2533K [0x00000000eab00000, 0x00000000f3780000, 0x0000000100000000)
  eden space 63488K, 0% used [0x00000000eab00000,0x00000000eab00000,0x00000000ee900000)
  from space 2560K, 98% used [0x00000000ee900000,0x00000000eeb794b8,0x00000000eeb80000)
  to   space 26112K, 0% used [0x00000000f1e00000,0x00000000f1e00000,0x00000000f3780000)
 ParOldGen       total 66048K, used 45563K [0x00000000c0000000, 0x00000000c4080000, 0x00000000eab00000)
  object space 66048K, 68% used [0x00000000c0000000,0x00000000c2c7ed88,0x00000000c4080000)
 Metaspace       used 5831K, capacity 6960K, committed 7040K, reserved 1056768K
  class space    used 576K, capacity 616K, committed 640K, reserved 1048576K
}
Event: 5.701 GC heap before
{Heap before GC invocations=7 (full 2):
 PSYoungGen      total 66048K, used 2533K [0x00000000eab00000, 0x00000000f3780000, 0x0000000100000000)
  eden space 63488K, 0% used [0x00000000eab00000,0x00000000eab00000,0x00000000ee900000)
  from space 2560K, 98% used [0x00000000ee900000,0x00000000eeb794b8,0x00000000eeb80000)
  to   space 26112K, 0% used [0x00000000f1e00000,0x00000000f1e00000,0x00000000f3780000)
 ParOldGen       total 66048K, used 45563K [0x00000000c0000000, 0x00000000c4080000, 0x00000000eab00000)
  object space 66048K, 68% used [0x00000000c0000000,0x00000000c2c7ed88,0x00000000c4080000)
 Metaspace       used 5831K, capacity 6960K, committed 7040K, reserved 1056768K
  class space    used 576K, capacity 616K, committed 640K, reserved 1048576K
Event: 6.057 GC heap after
Heap after GC invocations=7 (full 2):
 PSYoungGen      total 66048K, used 0K [0x00000000eab00000, 0x00000000f3780000, 0x0000000100000000)
  eden space 63488K, 0% used [0x00000000eab00000,0x00000000eab00000,0x00000000ee900000)
  from space 2560K, 0% used [0x00000000ee900000,0x00000000ee900000,0x00000000eeb80000)
  to   space 26112K, 0% used [0x00000000f1e00000,0x00000000f1e00000,0x00000000f3780000)
 ParOldGen       total 110592K, used 45526K [0x00000000c0000000, 0x00000000c6c00000, 0x00000000eab00000)
  object space 110592K, 41% used [0x00000000c0000000,0x00000000c2c75b28,0x00000000c6c00000)
 Metaspace       used 5831K, capacity 6960K, committed 7040K, reserved 1056768K
  class space    used 576K, capacity 616K, committed 640K, reserved 1048576K
}
Event: 6.722 GC heap before
{Heap before GC invocations=8 (full 2):
 PSYoungGen      total 66048K, used 63488K [0x00000000eab00000, 0x00000000f3780000, 0x0000000100000000)
  eden space 63488K, 100% used [0x00000000eab00000,0x00000000ee900000,0x00000000ee900000)
  from space 2560K, 0% used [0x00000000ee900000,0x00000000ee900000,0x00000000eeb80000)
  to   space 26112K, 0% used [0x00000000f1e00000,0x00000000f1e00000,0x00000000f3780000)
 ParOldGen       total 110592K, used 45526K [0x00000000c0000000, 0x00000000c6c00000, 0x00000000eab00000)
  object space 110592K, 41% used [0x00000000c0000000,0x00000000c2c75b28,0x00000000c6c00000)
 Metaspace       used 5863K, capacity 6960K, committed 7040K, reserved 1056768K
  class space    used 576K, capacity 616K, committed 640K, reserved 1048576K
Event: 6.767 GC heap after
Heap after GC invocations=8 (full 2):
 PSYoungGen      total 106496K, used 23518K [0x00000000eab00000, 0x00000000f3600000, 0x0000000100000000)
  eden space 81920K, 0% used [0x00000000eab00000,0x00000000eab00000,0x00000000efb00000)
  from space 24576K, 95% used [0x00000000f1e00000,0x00000000f34f79e8,0x00000000f3600000)
  to   space 30208K, 0% used [0x00000000efb00000,0x00000000efb00000,0x00000000f1880000)
 ParOldGen       total 110592K, used 45534K [0x00000000c0000000, 0x00000000c6c00000, 0x00000000eab00000)
  object space 110592K, 41% used [0x00000000c0000000,0x00000000c2c77b28,0x00000000c6c00000)
 Metaspace       used 5863K, capacity 6960K, committed 7040K, reserved 1056768K
  class space    used 576K, capacity 616K, committed 640K, reserved 1048576K
}
Event: 7.720 GC heap before
{Heap before GC invocations=9 (full 2):
 PSYoungGen      total 106496K, used 105438K [0x00000000eab00000, 0x00000000f3600000, 0x0000000100000000)
  eden space 81920K, 100% used [0x00000000eab00000,0x00000000efb00000,0x00000000efb00000)
  from space 24576K, 95% used [0x00000000f1e00000,0x00000000f34f79e8,0x00000000f3600000)
  to   space 30208K, 0% used [0x00000000efb00000,0x00000000efb00000,0x00000000f1880000)
 ParOldGen       total 110592K, used 45534K [0x00000000c0000000, 0x00000000c6c00000, 0x00000000eab00000)
  object space 110592K, 41% used [0x00000000c0000000,0x00000000c2c77b28,0x00000000c6c00000)
 Metaspace       used 5903K, capacity 7024K, committed 7296K, reserved 1056768K
  class space    used 578K, capacity 616K, committed 640K, reserved 1048576K
Event: 7.933 GC heap after
Heap after GC invocations=9 (full 2):
 PSYoungGen      total 112128K, used 30197K [0x00000000eab00000, 0x00000000f6980000, 0x0000000100000000)
  eden space 81920K, 0% used [0x00000000eab00000,0x00000000eab00000,0x00000000efb00000)
  from space 30208K, 99% used [0x00000000efb00000,0x00000000f187d5c8,0x00000000f1880000)
  to   space 41472K, 0% used [0x00000000f4100000,0x00000000f4100000,0x00000000f6980000)
 ParOldGen       total 110592K, used 56074K [0x00000000c0000000, 0x00000000c6c00000, 0x00000000eab00000)
  object space 110592K, 50% used [0x00000000c0000000,0x00000000c36c2ac8,0x00000000c6c00000)
 Metaspace       used 5903K, capacity 7024K, committed 7296K, reserved 1056768K
  class space    used 578K, capacity 616K, committed 640K, reserved 1048576K
}
Event: 10.077 GC heap before
{Heap before GC invocations=10 (full 2):
 PSYoungGen      total 112128K, used 112117K [0x00000000eab00000, 0x00000000f6980000, 0x0000000100000000)
  eden space 81920K, 100% used [0x00000000eab00000,0x00000000efb00000,0x00000000efb00000)
  from space 30208K, 99% used [0x00000000efb00000,0x00000000f187d5c8,0x00000000f1880000)
  to   space 41472K, 0% used [0x00000000f4100000,0x00000000f4100000,0x00000000f6980000)
 ParOldGen       total 110592K, used 56074K [0x00000000c0000000, 0x00000000c6c00000, 0x00000000eab00000)
  object space 110592K, 50% used [0x00000000c0000000,0x00000000c36c2ac8,0x00000000c6c00000)
 Metaspace       used 5908K, capacity 7024K, committed 7296K, reserved 1056768K
  class space    used 578K, capacity 616K, committed 640K, reserved 1048576K

